2017-05-22 18:46:06 - PHP Notice:  Undefined index: filterpro_seo in W:\domains\open-clear\admin\controller\module\filterpro.php on line 33
2017-05-22 18:46:06 - PHP Warning:  Invalid argument supplied for foreach() in W:\domains\open-clear\admin\controller\module\filterpro.php on line 329
2017-05-22 18:46:06 - PHP Warning:  Cannot modify header information - headers already sent by (output started at W:\domains\open-clear\admin\index.php:82) in W:\domains\open-clear\system\engine\controller.php on line 28
2017-05-22 18:46:06 - PHP Warning:  Cannot modify header information - headers already sent by (output started at W:\domains\open-clear\admin\index.php:82) in W:\domains\open-clear\system\engine\controller.php on line 29
2017-05-22 18:46:07 - PHP Notice:  Undefined index: filterpro_seo in W:\domains\open-clear\admin\controller\module\filterpro.php on line 33
2017-05-22 18:46:07 - PHP Warning:  Invalid argument supplied for foreach() in W:\domains\open-clear\admin\controller\module\filterpro.php on line 329
2017-05-22 18:46:07 - PHP Warning:  Cannot modify header information - headers already sent by (output started at W:\domains\open-clear\admin\index.php:82) in W:\domains\open-clear\system\engine\controller.php on line 28
2017-05-22 18:46:07 - PHP Warning:  Cannot modify header information - headers already sent by (output started at W:\domains\open-clear\admin\index.php:82) in W:\domains\open-clear\system\engine\controller.php on line 29
2017-05-22 18:46:14 - PHP Notice:  Undefined index: filterpro_seo in W:\domains\open-clear\admin\controller\module\filterpro.php on line 33
2017-05-22 18:46:14 - PHP Warning:  Invalid argument supplied for foreach() in W:\domains\open-clear\admin\controller\module\filterpro.php on line 329
2017-05-22 18:46:14 - PHP Warning:  Cannot modify header information - headers already sent by (output started at W:\domains\open-clear\admin\index.php:82) in W:\domains\open-clear\system\engine\controller.php on line 28
2017-05-22 18:46:14 - PHP Warning:  Cannot modify header information - headers already sent by (output started at W:\domains\open-clear\admin\index.php:82) in W:\domains\open-clear\system\engine\controller.php on line 29
2017-05-22 18:46:24 - PHP Notice:  Undefined index: filterpro_seo in W:\domains\open-clear\admin\controller\module\filterpro.php on line 33
2017-05-22 18:46:24 - PHP Warning:  Invalid argument supplied for foreach() in W:\domains\open-clear\admin\controller\module\filterpro.php on line 329
2017-05-22 18:46:24 - PHP Warning:  Cannot modify header information - headers already sent by (output started at W:\domains\open-clear\admin\index.php:82) in W:\domains\open-clear\system\engine\controller.php on line 28
2017-05-22 18:46:24 - PHP Warning:  Cannot modify header information - headers already sent by (output started at W:\domains\open-clear\admin\index.php:82) in W:\domains\open-clear\system\engine\controller.php on line 29
2017-05-22 18:49:13 - PHP Warning:  Cannot modify header information - headers already sent by (output started at W:\domains\open-clear\admin\controller\module\filterpro.php:348) in W:\domains\open-clear\system\engine\controller.php on line 28
2017-05-22 18:49:13 - PHP Warning:  Cannot modify header information - headers already sent by (output started at W:\domains\open-clear\admin\controller\module\filterpro.php:348) in W:\domains\open-clear\system\engine\controller.php on line 29
2017-05-22 18:50:07 - PHP Notice:  Undefined variable: seo_status in W:\domains\open-clear\catalog\model\module\filterpro.php on line 212
2017-05-22 18:50:07 - PHP Notice:  Undefined variable: seo_status in W:\domains\open-clear\catalog\model\module\filterpro.php on line 212
2017-05-22 18:50:07 - PHP Notice:  Undefined variable: seo_status in W:\domains\open-clear\catalog\model\module\filterpro.php on line 212
2017-05-22 18:50:07 - PHP Notice:  Undefined variable: seo_status in W:\domains\open-clear\catalog\model\module\filterpro.php on line 212
2017-05-22 18:50:07 - PHP Notice:  Undefined variable: seo_status in W:\domains\open-clear\catalog\model\module\filterpro.php on line 212
2017-05-22 18:50:07 - PHP Notice:  Undefined variable: seo_status in W:\domains\open-clear\catalog\model\module\filterpro.php on line 212
2017-05-22 18:50:07 - PHP Notice:  Undefined variable: seo_status in W:\domains\open-clear\catalog\model\module\filterpro.php on line 212
2017-05-22 18:50:07 - PHP Notice:  Undefined variable: seo_status in W:\domains\open-clear\catalog\model\module\filterpro.php on line 212
2017-05-22 18:50:07 - PHP Notice:  Undefined variable: seo_status in W:\domains\open-clear\catalog\model\module\filterpro.php on line 212
2017-05-22 18:50:07 - PHP Notice:  Undefined variable: seo_status in W:\domains\open-clear\catalog\model\module\filterpro.php on line 212
2017-05-22 18:50:07 - PHP Notice:  Undefined variable: seo_status in W:\domains\open-clear\catalog\model\module\filterpro.php on line 212
2017-05-22 18:50:07 - PHP Notice:  Undefined variable: seo_status in W:\domains\open-clear\catalog\model\module\filterpro.php on line 212
2017-05-22 18:50:07 - PHP Notice:  Undefined variable: seo_status in W:\domains\open-clear\catalog\model\module\filterpro.php on line 212
2017-05-22 18:50:07 - PHP Notice:  Undefined variable: seo_status in W:\domains\open-clear\catalog\model\module\filterpro.php on line 212
2017-05-23 9:57:48 - PHP Warning:  Cannot modify header information - headers already sent by (output started at W:\domains\open-clear\admin\controller\module\filterpro.php:410) in W:\domains\open-clear\system\engine\controller.php on line 28
2017-05-23 9:57:48 - PHP Warning:  Cannot modify header information - headers already sent by (output started at W:\domains\open-clear\admin\controller\module\filterpro.php:410) in W:\domains\open-clear\system\engine\controller.php on line 29
2017-05-23 10:46:22 - PHP Warning:  Cannot modify header information - headers already sent by (output started at W:\domains\open-clear\vqmod\vqcache\vq2-catalog_controller_product_category.php:101) in W:\domains\open-clear\vqmod\vqcache\vq2-system_engine_controller.php on line 28
2017-05-23 10:46:22 - PHP Warning:  Cannot modify header information - headers already sent by (output started at W:\domains\open-clear\vqmod\vqcache\vq2-catalog_controller_product_category.php:101) in W:\domains\open-clear\vqmod\vqcache\vq2-system_engine_controller.php on line 29
2017-05-23 10:46:46 - PHP Warning:  Cannot modify header information - headers already sent by (output started at W:\domains\open-clear\vqmod\vqcache\vq2-catalog_controller_product_category.php:101) in W:\domains\open-clear\vqmod\vqcache\vq2-system_engine_controller.php on line 28
2017-05-23 10:46:46 - PHP Warning:  Cannot modify header information - headers already sent by (output started at W:\domains\open-clear\vqmod\vqcache\vq2-catalog_controller_product_category.php:101) in W:\domains\open-clear\vqmod\vqcache\vq2-system_engine_controller.php on line 29
2017-05-23 10:47:09 - PHP Warning:  Cannot modify header information - headers already sent by (output started at W:\domains\open-clear\vqmod\vqcache\vq2-catalog_controller_product_category.php:104) in W:\domains\open-clear\vqmod\vqcache\vq2-system_engine_controller.php on line 28
2017-05-23 10:47:09 - PHP Warning:  Cannot modify header information - headers already sent by (output started at W:\domains\open-clear\vqmod\vqcache\vq2-catalog_controller_product_category.php:104) in W:\domains\open-clear\vqmod\vqcache\vq2-system_engine_controller.php on line 29
2017-05-23 10:47:33 - PHP Warning:  Cannot modify header information - headers already sent by (output started at W:\domains\open-clear\vqmod\vqcache\vq2-catalog_controller_product_category.php:104) in W:\domains\open-clear\vqmod\vqcache\vq2-system_engine_controller.php on line 28
2017-05-23 10:47:33 - PHP Warning:  Cannot modify header information - headers already sent by (output started at W:\domains\open-clear\vqmod\vqcache\vq2-catalog_controller_product_category.php:104) in W:\domains\open-clear\vqmod\vqcache\vq2-system_engine_controller.php on line 29
2017-05-23 10:48:40 - PHP Warning:  Cannot modify header information - headers already sent by (output started at W:\domains\open-clear\vqmod\vqcache\vq2-catalog_controller_product_category.php:110) in W:\domains\open-clear\vqmod\vqcache\vq2-system_engine_controller.php on line 28
2017-05-23 10:48:40 - PHP Warning:  Cannot modify header information - headers already sent by (output started at W:\domains\open-clear\vqmod\vqcache\vq2-catalog_controller_product_category.php:110) in W:\domains\open-clear\vqmod\vqcache\vq2-system_engine_controller.php on line 29
2017-05-23 10:49:00 - PHP Warning:  Cannot modify header information - headers already sent by (output started at W:\domains\open-clear\vqmod\vqcache\vq2-catalog_controller_product_category.php:110) in W:\domains\open-clear\vqmod\vqcache\vq2-system_engine_controller.php on line 28
2017-05-23 10:49:00 - PHP Warning:  Cannot modify header information - headers already sent by (output started at W:\domains\open-clear\vqmod\vqcache\vq2-catalog_controller_product_category.php:110) in W:\domains\open-clear\vqmod\vqcache\vq2-system_engine_controller.php on line 29
2017-05-23 10:49:23 - PHP Notice:  Undefined index: category_id in W:\domains\open-clear\catalog\model\module\filterpro.php on line 1481
2017-05-23 10:49:23 - PHP Notice:  Error: You have an error in your SQL syntax; check the manual that corresponds to your MySQL server version for the right syntax to use near ') AND (option_value_id IN(40)) AND p.manufacturer_id IN(8) AND p.price >=80 AND ' at line 1<br />Error No: 1064<br />SELECT count(*) as total FROM (SELECT DISTINCT p.product_id, coalesce((SELECT price FROM oc_product_discount pd2 WHERE pd2.product_id = p.product_id AND pd2.customer_group_id = '1' AND pd2.quantity = '1' AND ((pd2.date_start = '0000-00-00' OR pd2.date_start < NOW()) AND (pd2.date_end = '0000-00-00' OR pd2.date_end > NOW())) ORDER BY pd2.priority ASC, pd2.price ASC LIMIT 1), (SELECT price FROM oc_product_special ps WHERE ps.product_id = p.product_id AND ps.customer_group_id = '1' AND ((ps.date_start = '0000-00-00' OR ps.date_start < NOW()) AND (ps.date_end = '0000-00-00' OR ps.date_end > NOW())) ORDER BY ps.priority ASC, ps.price ASC LIMIT 1),  p.price) as realprice  FROM oc_product p LEFT JOIN oc_product_option_value pov ON (pov.product_id=p.product_id) LEFT JOIN oc_product_to_store p2s ON (p2s.product_id=p.product_id) LEFT JOIN oc_product_to_category p2c ON (p2c.product_id=p.product_id) WHERE 1 AND p2c.category_id IN () AND (option_value_id IN(40)) AND p.manufacturer_id IN(8) AND p.price >=80 AND p.status = '1' AND p.date_available <= NOW( ) AND p2s.store_id = 0) as innertable WHERE 1  AND realprice >=80 AND realprice <=1000 in W:\domains\open-clear\system\database\mysql.php on line 50
2017-05-23 10:49:31 - PHP Notice:  Undefined index: category_id in W:\domains\open-clear\catalog\model\module\filterpro.php on line 1481
2017-05-23 10:49:31 - PHP Notice:  Error: You have an error in your SQL syntax; check the manual that corresponds to your MySQL server version for the right syntax to use near ') AND (option_value_id IN(40)) AND p.manufacturer_id IN(8) AND p.price >=80 AND ' at line 1<br />Error No: 1064<br />SELECT count(*) as total FROM (SELECT DISTINCT p.product_id, coalesce((SELECT price FROM oc_product_discount pd2 WHERE pd2.product_id = p.product_id AND pd2.customer_group_id = '1' AND pd2.quantity = '1' AND ((pd2.date_start = '0000-00-00' OR pd2.date_start < NOW()) AND (pd2.date_end = '0000-00-00' OR pd2.date_end > NOW())) ORDER BY pd2.priority ASC, pd2.price ASC LIMIT 1), (SELECT price FROM oc_product_special ps WHERE ps.product_id = p.product_id AND ps.customer_group_id = '1' AND ((ps.date_start = '0000-00-00' OR ps.date_start < NOW()) AND (ps.date_end = '0000-00-00' OR ps.date_end > NOW())) ORDER BY ps.priority ASC, ps.price ASC LIMIT 1),  p.price) as realprice  FROM oc_product p LEFT JOIN oc_product_option_value pov ON (pov.product_id=p.product_id) LEFT JOIN oc_product_to_store p2s ON (p2s.product_id=p.product_id) LEFT JOIN oc_product_to_category p2c ON (p2c.product_id=p.product_id) WHERE 1 AND p2c.category_id IN () AND (option_value_id IN(40)) AND p.manufacturer_id IN(8) AND p.price >=80 AND p.status = '1' AND p.date_available <= NOW( ) AND p2s.store_id = 0) as innertable WHERE 1  AND realprice >=80 AND realprice <=1000 in W:\domains\open-clear\system\database\mysql.php on line 50
